2020-06-04 01:54:19 INFO  Operation directory: /home/ubuntu/projects/java-podcast-processor/logs/LOAD_20200604-015419-353022
2020-06-04 01:54:21 ERROR Operation LOAD_20200604-015419-353022 failed: Java.io.IOException: Error reading from file:/home/ubuntu/projects/java-podcast-processor/output-000001.csv at line 1.
   Caused by: Error reading from file:/home/ubuntu/projects/java-podcast-processor/output-000001.csv at line 1.
     Caused by: File not found: /home/ubuntu/projects/java-podcast-processor/output-000001.csv (No such file or directory).
reactor.core.Exceptions$ReactiveException: java.io.IOException: Error reading from file:/home/ubuntu/projects/java-podcast-processor/output-000001.csv at line 1
	at com.datastax.dsbulk.engine.LoadWorkflow.parallelFlux(LoadWorkflow.java:259) [3 skipped]
	at com.datastax.dsbulk.engine.LoadWorkflow.execute(LoadWorkflow.java:192)
	at com.datastax.dsbulk.engine.DataStaxBulkLoader$WorkflowThread.run(DataStaxBulkLoader.java:128)
	Suppressed: java.lang.Exception: #block terminated with an error
		at com.datastax.dsbulk.engine.LoadWorkflow.parallelFlux(LoadWorkflow.java:259) [2 skipped]
		... 4 common frames omitted
Caused by: java.io.IOException: Error reading from file:/home/ubuntu/projects/java-podcast-processor/output-000001.csv at line 1
	at com.datastax.dsbulk.connectors.csv.CSVConnector.lambda$readSingleFile$1(CSVConnector.java:272)
	at com.datastax.dsbulk.engine.LoadWorkflow.parallelFlux(LoadWorkflow.java:259) [23 skipped]
	at com.datastax.dsbulk.engine.LoadWorkflow.execute(LoadWorkflow.java:192)
	at com.datastax.dsbulk.engine.DataStaxBulkLoader$WorkflowThread.run(DataStaxBulkLoader.java:128)
Caused by: java.io.FileNotFoundException: /home/ubuntu/projects/java-podcast-processor/output-000001.csv (No such file or directory)
	at java.io.FileInputStream.open0(Native Method)
	at java.io.FileInputStream.open(FileInputStream.java:195)
	at java.io.FileInputStream.<init>(FileInputStream.java:138)
	at java.io.FileInputStream.<init>(FileInputStream.java:93)
	at sun.net.www.protocol.file.FileURLConnection.connect(FileURLConnection.java:90)
	at sun.net.www.protocol.file.FileURLConnection.getInputStream(FileURLConnection.java:188)
	at java.net.URL.openStream(URL.java:1068)
	at com.datastax.dsbulk.commons.internal.io.IOUtils.newBufferedInputStream(IOUtils.java:40)
	at com.datastax.dsbulk.commons.internal.io.IOUtils.newBufferedReader(IOUtils.java:72)
	at com.datastax.dsbulk.commons.internal.io.CompressedIOUtils.newBufferedReader(CompressedIOUtils.java:89)
2020-06-04 01:54:24 INFO  Final stats:
2020-06-04 01:54:24 INFO  Records: total: 0, successful: 0, failed: 0
2020-06-04 01:54:24 INFO  Batches: total: 0, size: 0.00 mean, 0 min, 0 max
2020-06-04 01:54:24 INFO  Memory usage: used: 63 MB, free: 112 MB, allocated: 176 MB, available: 3,518 MB, total gc count: 4, total gc time: 84 ms
2020-06-04 01:54:24 INFO  Writes: total: 0, successful: 0, failed: 0, in-flight: 0
2020-06-04 01:54:24 INFO  Throughput: 0 writes/second
2020-06-04 01:54:24 INFO  Latencies: mean 0.00, 75p 0.00, 99p 0.00, 999p 0.00 milliseconds
2020-06-04 01:54:24 INFO  Last processed positions can be found in positions.txt
